===============================================================================
              SECUWATCHER TEST SUITE - QUICK SUMMARY
===============================================================================

OVERALL RESULTS
===============================================================================
Total Tests Run:           46
Passed:                    42 (91.3%)
Failed:                     4 (8.7%)

Python Tests:             12/13 passed (92.3%)
Electron Tests:           30/33 passed (90.9%)

STATUS: Mostly Working - Minor Issues to Fix

===============================================================================
PYTHON TESTS (pytest) - 13 Tests
===============================================================================
✓ PASSED (12/13):
  - All 6 TestHealthEndpoints tests
  - 2/3 TestServerBasics tests
  - All 2 TestMockConfigFile tests
  - All 2 TestTemporaryDirectory tests

✗ FAILED (1/13):
  - test_openapi_schema_available
    Issue: Pydantic validation error in encryption endpoint schema
    File: routers/encryption.py
    Fix: Correct FastAPI File parameter annotations

===============================================================================
ELECTRON TESTS (vitest) - 33 Tests
===============================================================================
✓ PASSED (30/33):
  - All togglePlay tests (3/3)
  - jumpForward basic tests (2/3)
  - All jumpBackward tests (3/3)
  - All setPlaybackRate tests (5/5)
  - All zoomIn tests (3/3)
  - All zoomOut tests (3/3)
  - All updateVideoProgress tests (3/3)
  - getMaxPlaybackRate basic tests (2/3)
  - isInputFocused basic tests (2/3)
  - All handleKeyDown tests (4/4)

✗ FAILED (3/33):
  1. jumpForward > should not exceed video duration
     Issue: Floating-point precision; 99.0333... instead of 100
     File: src/composables/videoController.js
     Fix: Clamp to duration with Math.min()

  2. getMaxPlaybackRate > should handle null video element
     Issue: Returns 3.5 instead of undefined
     File: src/composables/videoController.js
     Fix: Add null check at function start

  3. isInputFocused > should return false when no input is focused
     Issue: Returns undefined instead of false
     File: src/composables/videoController.js
     Fix: Ensure always returns boolean

===============================================================================
REQUIRED DEPENDENCIES
===============================================================================

Python:
  ✓ pytest==9.0.2
  ✓ fastapi==0.128.7
  ✓ httpx==0.28.1
  ✓ uvicorn==0.40.0
  ✓ python-multipart==0.0.22
  ✓ pycryptodome==3.23.0

Electron:
  ✓ vitest==1.0.4
  ✓ @vitejs/plugin-vue==5.2.4
  ✓ jsdom==23.0.0
  ✓ vue==3.5.17

===============================================================================
RUN TEST COMMANDS
===============================================================================

Python Tests:
  cd /sessions/laughing-wizardly-maxwell/mnt/secu_electron_v3/secuwatcher_python
  python3 -m pytest -v

Electron Tests:
  cd /sessions/laughing-wizardly-maxwell/mnt/secu_electron_v3/secuwatcher_electron
  npx vitest run --reporter=verbose

Single Test File:
  npx vitest run src/__tests__/composables/videoController.test.js

Watch Mode:
  npx vitest --reporter=verbose

===============================================================================
FILES TO FIX
===============================================================================

1. Python Backend:
   /sessions/laughing-wizardly-maxwell/mnt/secu_electron_v3/secuwatcher_python/routers/encryption.py
   - Fix File parameter annotations
   - Issue at: async def encrypt_endpoint (line ~59)

2. Electron Frontend:
   /sessions/laughing-wizardly-maxwell/mnt/secu_electron_v3/secuwatcher_electron/src/composables/videoController.js
   - Fix jumpForward() - clamp to duration
   - Fix getMaxPlaybackRate() - return undefined for null
   - Fix isInputFocused() - return boolean always

===============================================================================
ESTIMATED EFFORT
===============================================================================

Time to Fix All Issues:     1-2 hours
Time to Verify:             30 minutes
Total Effort:               2 hours max

Impact of Fixes:
  - Python tests: 12/13 → 13/13 (100%)
  - Electron tests: 30/33 → 33/33 (100%)
  - Overall: 42/46 → 46/46 (100%)

===============================================================================
NEXT STEPS
===============================================================================

1. Fix Python encryption endpoint schema
2. Fix Electron videoController issues
3. Run full test suite to verify all tests pass
4. Consider adding CI/CD pipeline for automated testing

===============================================================================
